15:10:26,238 DEBUG <strong>{1}</strong>:11 - Log4j console appender configuration is successful !!
15:10:26,240 ERROR <strong>{1}</strong>:39 -  onboarding
15:10:31,351  INFO <strong>{1}</strong>:21 - welcome
15:10:31,352  INFO <strong>{1}</strong>:21 - thank you 1
15:10:39,356  INFO <strong>{1}</strong>:21 - thank you 2
15:11:09,418  INFO <strong>{1}</strong>:21 - thank you 3
15:11:27,435  INFO <strong>{1}</strong>:21 - onboarding has been ended
15:11:27,438  INFO <strong>{1}</strong>:21 - Passed : onboarding method
15:11:27,440  INFO <strong>{1}</strong>:21 - Test for automation has been ended
15:11:27,489 DEBUG freemarker.cache<strong>{1}</strong>:45 - Couldn't find template in cache for "Extent.ftl"("en_US", UTF-8, parsed); will try to load it.
15:11:27,490 DEBUG freemarker.cache<strong>{1}</strong>:45 - TemplateLoader.findTemplateSource("Extent_en_US.ftl"): Not found
15:11:27,492 DEBUG freemarker.cache<strong>{1}</strong>:45 - TemplateLoader.findTemplateSource("Extent_en.ftl"): Not found
15:11:27,494 DEBUG freemarker.cache<strong>{1}</strong>:45 - TemplateLoader.findTemplateSource("Extent.ftl"): Found
15:11:27,494 DEBUG freemarker.cache<strong>{1}</strong>:45 - Loading template for "Extent.ftl"("en_US", UTF-8, parsed) from "jar:file:/Users/balakrishnan/.m2/repository/com/relevantcodes/extentreports/2.41.2/extentreports-2.41.2.jar!/com/relevantcodes/extentreports/view/Extent.ftl"
15:11:27,859 DEBUG freemarker.cache<strong>{1}</strong>:45 - Couldn't find template in cache for "Extent.ftl"("en_US", UTF-8, parsed); will try to load it.
15:11:27,860 DEBUG freemarker.cache<strong>{1}</strong>:45 - TemplateLoader.findTemplateSource("Extent_en_US.ftl"): Not found
15:11:27,861 DEBUG freemarker.cache<strong>{1}</strong>:45 - TemplateLoader.findTemplateSource("Extent_en.ftl"): Not found
15:11:27,861 DEBUG freemarker.cache<strong>{1}</strong>:45 - TemplateLoader.findTemplateSource("Extent.ftl"): Found
15:11:27,862 DEBUG freemarker.cache<strong>{1}</strong>:45 - Loading template for "Extent.ftl"("en_US", UTF-8, parsed) from "jar:file:/Users/balakrishnan/.m2/repository/com/relevantcodes/extentreports/2.41.2/extentreports-2.41.2.jar!/com/relevantcodes/extentreports/view/Extent.ftl"
15:11:37,160 DEBUG freemarker.cache<strong>{1}</strong>:45 - Couldn't find template in cache for "Extent.ftl"("en_US", UTF-8, parsed); will try to load it.
15:11:37,161 DEBUG freemarker.cache<strong>{1}</strong>:45 - TemplateLoader.findTemplateSource("Extent_en_US.ftl"): Not found
15:11:37,162 DEBUG freemarker.cache<strong>{1}</strong>:45 - TemplateLoader.findTemplateSource("Extent_en.ftl"): Not found
15:11:37,162 DEBUG freemarker.cache<strong>{1}</strong>:45 - TemplateLoader.findTemplateSource("Extent.ftl"): Found
15:11:37,162 DEBUG freemarker.cache<strong>{1}</strong>:45 - Loading template for "Extent.ftl"("en_US", UTF-8, parsed) from "jar:file:/Users/balakrishnan/.m2/repository/com/relevantcodes/extentreports/2.41.2/extentreports-2.41.2.jar!/com/relevantcodes/extentreports/view/Extent.ftl"
